1622483940024	geckodriver	INFO	Listening on 127.0.0.1:60856
1622483943267	mozrunner::runner	INFO	Running command: "C:\\Program Files\\Mozilla Firefox\\firefox.exe" "--marionette" "-foreground" "-no-remote" "-profile" "C:\\Users\\victo\\AppData\\Local\\Temp\\rust_mozprofileLJC64V"
Can't find symbol 'eglSwapBuffersWithDamageEXT'.
Can't find symbol 'eglSetDamageRegionKHR'.
console.warn: SearchSettings: "get: No settings file exists, new profile?" (new Error("", "(unknown module)"))
1622483962381	Marionette	INFO	Listening on port 60865
1622483962610	Marionette	WARN	TLS certificate errors will be ignored for this session
JavaScript error: resource://gre/modules/UrlClassifierListManager.jsm, line 691: TypeError: this.tablesData[table] is undefined
[Parent 10924, Gecko_IOThread] WARNING: file /builds/worker/checkouts/gecko/ipc/chromium/src/base/process_util_win.cc:166
1622483971953	Marionette	INFO	Stopped listening on port 60865

###!!! [Child][RunMessage] Error: Channel closing: too late to send/recv, messages will be lost

1622484340656	geckodriver	INFO	Listening on 127.0.0.1:53642
1622484344008	mozrunner::runner	INFO	Running command: "C:\\Program Files\\Mozilla Firefox\\firefox.exe" "--marionette" "-foreground" "-no-remote" "-profile" "C:\\Users\\victo\\AppData\\Local\\Temp\\rust_mozprofilebseVqJ"
Can't find symbol 'eglSwapBuffersWithDamageEXT'.
Can't find symbol 'eglSetDamageRegionKHR'.
console.warn: SearchSettings: "get: No settings file exists, new profile?" (new Error("", "(unknown module)"))
1622484355238	Marionette	INFO	Listening on port 54331
1622484355752	Marionette	WARN	TLS certificate errors will be ignored for this session
[Parent 7932, Gecko_IOThread] WARNING: file /builds/worker/checkouts/gecko/ipc/chromium/src/base/process_util_win.cc:166
1622484363981	Marionette	INFO	Stopped listening on port 54331

###!!! [Child][RunMessage] Error: Channel closing: too late to send/recv, messages will be lost

1622484697580	geckodriver	INFO	Listening on 127.0.0.1:57220
1622484700596	mozrunner::runner	INFO	Running command: "C:\\Program Files\\Mozilla Firefox\\firefox.exe" "--marionette" "-foreground" "-no-remote" "-profile" "C:\\Users\\victo\\AppData\\Local\\Temp\\rust_mozprofileg1rADh"
Can't find symbol 'eglSwapBuffersWithDamageEXT'.
Can't find symbol 'eglSetDamageRegionKHR'.
console.warn: SearchSettings: "get: No settings file exists, new profile?" (new Error("", "(unknown module)"))
1622484708104	Marionette	INFO	Listening on port 57229
1622484708375	Marionette	WARN	TLS certificate errors will be ignored for this session
1622484712907	Marionette	WARN	Ignoring event 'DOMContentLoaded' because document has an invalid readyState of 'complete'.
JavaScript error: resource://gre/modules/XULStore.jsm, line 66: Error: Can't find profile directory.
JavaScript error: resource://gre/modules/XULStore.jsm, line 66: Error: Can't find profile directory.
JavaScript error: https://webvalidade.com/dashboard, line 1404: ReferenceError: exibirApp is not defined
JavaScript error: https://webvalidade.com/dashboard, line 1412: ReferenceError: exibirApp is not defined
JavaScript error: https://webvalidade.com/dashboard, line 1421: ReferenceError: exibirApp is not defined
JavaScript error: https://webvalidade.com/dashboard, line 1466: ReferenceError: exibirApp is not defined
JavaScript error: https://webvalidade.com/colorPicker/docs/docs.js, line 9: TypeError: $(...).toc is not a function
1622484730558	Marionette	INFO	Stopped listening on port 57229

###!!! [Child][RunMessage] Error: Channel closing: too late to send/recv, messages will be lost


###!!! [Child][RunMessage] Error: Channel closing: too late to send/recv, messages will be lost

1622485162688	geckodriver	INFO	Listening on 127.0.0.1:64830
1622485165700	mozrunner::runner	INFO	Running command: "C:\\Program Files\\Mozilla Firefox\\firefox.exe" "--marionette" "-foreground" "-no-remote" "-profile" "C:\\Users\\victo\\AppData\\Local\\Temp\\rust_mozprofileSFwvZ2"
Can't find symbol 'eglSwapBuffersWithDamageEXT'.
Can't find symbol 'eglSetDamageRegionKHR'.
console.warn: SearchSettings: "get: No settings file exists, new profile?" (new Error("", "(unknown module)"))
1622485173427	Marionette	INFO	Listening on port 50143
1622485173564	Marionette	WARN	TLS certificate errors will be ignored for this session
1622485177714	Marionette	WARN	Ignoring event 'DOMContentLoaded' because document has an invalid readyState of 'complete'.
JavaScript error: resource://gre/modules/XULStore.jsm, line 66: Error: Can't find profile directory.
JavaScript error: resource://gre/modules/XULStore.jsm, line 66: Error: Can't find profile directory.
JavaScript error: https://webvalidade.com/dashboard, line 1460: ReferenceError: exibirApp is not defined
JavaScript error: https://webvalidade.com/dashboard, line 1468: ReferenceError: exibirApp is not defined
JavaScript error: https://webvalidade.com/dashboard, line 1477: ReferenceError: exibirApp is not defined
JavaScript error: https://webvalidade.com/dashboard, line 1522: ReferenceError: exibirApp is not defined
JavaScript error: https://webvalidade.com/colorPicker/docs/docs.js, line 9: TypeError: $(...).toc is not a function
1622485188732	Marionette	INFO	Stopped listening on port 50143

###!!! [Child][RunMessage] Error: Channel closing: too late to send/recv, messages will be lost

1622485524737	geckodriver	INFO	Listening on 127.0.0.1:57897
1622485527801	mozrunner::runner	INFO	Running command: "C:\\Program Files\\Mozilla Firefox\\firefox.exe" "--marionette" "-foreground" "-no-remote" "-profile" "C:\\Users\\victo\\AppData\\Local\\Temp\\rust_mozprofileTtDLqj"
Can't find symbol 'eglSwapBuffersWithDamageEXT'.
Can't find symbol 'eglSetDamageRegionKHR'.
console.warn: SearchSettings: "get: No settings file exists, new profile?" (new Error("", "(unknown module)"))
1622485534422	Marionette	INFO	Listening on port 57645
1622485534690	Marionette	WARN	TLS certificate errors will be ignored for this session
1622485538632	Marionette	WARN	Ignoring event 'DOMContentLoaded' because document has an invalid readyState of 'complete'.
JavaScript error: resource://gre/modules/XULStore.jsm, line 66: Error: Can't find profile directory.
JavaScript error: resource://gre/modules/XULStore.jsm, line 66: Error: Can't find profile directory.
JavaScript error: https://webvalidade.com/dashboard, line 1460: ReferenceError: exibirApp is not defined
JavaScript error: https://webvalidade.com/dashboard, line 1468: ReferenceError: exibirApp is not defined
JavaScript error: https://webvalidade.com/dashboard, line 1477: ReferenceError: exibirApp is not defined
JavaScript error: https://webvalidade.com/dashboard, line 1522: ReferenceError: exibirApp is not defined
JavaScript error: https://webvalidade.com/colorPicker/docs/docs.js, line 9: TypeError: $(...).toc is not a function
1622485634206	Marionette	INFO	Stopped listening on port 57645

###!!! [Child][RunMessage] Error: Channel closing: too late to send/recv, messages will be lost

1622485637413	geckodriver	INFO	Listening on 127.0.0.1:64933
1622485640434	mozrunner::runner	INFO	Running command: "C:\\Program Files\\Mozilla Firefox\\firefox.exe" "--marionette" "-foreground" "-no-remote" "-profile" "C:\\Users\\victo\\AppData\\Local\\Temp\\rust_mozprofileUyyIFE"
Can't find symbol 'eglSwapBuffersWithDamageEXT'.
Can't find symbol 'eglSetDamageRegionKHR'.
console.warn: SearchSettings: "get: No settings file exists, new profile?" (new Error("", "(unknown module)"))
1622485647605	Marionette	INFO	Listening on port 61223
1622485647827	Marionette	WARN	TLS certificate errors will be ignored for this session
1622485651108	Marionette	WARN	Ignoring event 'DOMContentLoaded' because document has an invalid readyState of 'complete'.
JavaScript error: resource://gre/modules/XULStore.jsm, line 66: Error: Can't find profile directory.
JavaScript error: resource://gre/modules/XULStore.jsm, line 66: Error: Can't find profile directory.
JavaScript error: https://webvalidade.com/dashboard, line 1460: ReferenceError: exibirApp is not defined
JavaScript error: https://webvalidade.com/dashboard, line 1468: ReferenceError: exibirApp is not defined
JavaScript error: https://webvalidade.com/dashboard, line 1477: ReferenceError: exibirApp is not defined
JavaScript error: https://webvalidade.com/dashboard, line 1522: ReferenceError: exibirApp is not defined
JavaScript error: https://webvalidade.com/colorPicker/docs/docs.js, line 9: TypeError: $(...).toc is not a function
1622485664443	Marionette	INFO	Stopped listening on port 61223
1622485704234	geckodriver	INFO	Listening on 127.0.0.1:61513
1622485707726	mozrunner::runner	INFO	Running command: "C:\\Program Files\\Mozilla Firefox\\firefox.exe" "--marionette" "-foreground" "-no-remote" "-profile" "C:\\Users\\victo\\AppData\\Local\\Temp\\rust_mozprofilemybI2F"
Can't find symbol 'eglSwapBuffersWithDamageEXT'.
Can't find symbol 'eglSetDamageRegionKHR'.
console.warn: SearchSettings: "get: No settings file exists, new profile?" (new Error("", "(unknown module)"))
1622485713946	Marionette	INFO	Listening on port 53764
1622485714269	Marionette	WARN	TLS certificate errors will be ignored for this session
JavaScript error: , line 0: NotFoundError: No such JSWindowActor 'MarionetteEvents'
JavaScript error: resource://gre/modules/XULStore.jsm, line 66: Error: Can't find profile directory.
JavaScript error: resource://gre/modules/XULStore.jsm, line 66: Error: Can't find profile directory.
JavaScript error: https://webvalidade.com/dashboard, line 1460: ReferenceError: exibirApp is not defined
JavaScript error: https://webvalidade.com/dashboard, line 1468: ReferenceError: exibirApp is not defined
JavaScript error: https://webvalidade.com/dashboard, line 1477: ReferenceError: exibirApp is not defined
JavaScript error: https://webvalidade.com/dashboard, line 1522: ReferenceError: exibirApp is not defined
JavaScript error: https://webvalidade.com/colorPicker/docs/docs.js, line 9: TypeError: $(...).toc is not a function
1622485731035	Marionette	INFO	Stopped listening on port 53764

###!!! [Child][RunMessage] Error: Channel closing: too late to send/recv, messages will be lost


###!!! [Child][RunMessage] Error: Channel closing: too late to send/recv, messages will be lost

1622485744064	geckodriver	INFO	Listening on 127.0.0.1:55302
1622485747217	mozrunner::runner	INFO	Running command: "C:\\Program Files\\Mozilla Firefox\\firefox.exe" "--marionette" "-foreground" "-no-remote" "-profile" "C:\\Users\\victo\\AppData\\Local\\Temp\\rust_mozprofileL8I1JQ"
Can't find symbol 'eglSwapBuffersWithDamageEXT'.
Can't find symbol 'eglSetDamageRegionKHR'.
console.warn: SearchSettings: "get: No settings file exists, new profile?" (new Error("", "(unknown module)"))
1622485753087	Marionette	INFO	Listening on port 57244
1622485753391	Marionette	WARN	TLS certificate errors will be ignored for this session
1622485756506	Marionette	WARN	Ignoring event 'DOMContentLoaded' because document has an invalid readyState of 'complete'.
JavaScript error: resource://gre/modules/XULStore.jsm, line 66: Error: Can't find profile directory.
JavaScript error: resource://gre/modules/XULStore.jsm, line 66: Error: Can't find profile directory.
JavaScript error: https://webvalidade.com/dashboard, line 1460: ReferenceError: exibirApp is not defined
JavaScript error: https://webvalidade.com/dashboard, line 1468: ReferenceError: exibirApp is not defined
JavaScript error: https://webvalidade.com/dashboard, line 1477: ReferenceError: exibirApp is not defined
JavaScript error: https://webvalidade.com/dashboard, line 1522: ReferenceError: exibirApp is not defined
JavaScript error: https://webvalidade.com/colorPicker/docs/docs.js, line 9: TypeError: $(...).toc is not a function
1622485782039	Marionette	WARN	Ignoring event 'DOMContentLoaded' because document has an invalid readyState of 'complete'.
1622485942521	Marionette	INFO	Stopped listening on port 57244

###!!! [Child][RunMessage] Error: Channel closing: too late to send/recv, messages will be lost

1622485964412	geckodriver	INFO	Listening on 127.0.0.1:61657
1622485967420	mozrunner::runner	INFO	Running command: "C:\\Program Files\\Mozilla Firefox\\firefox.exe" "--marionette" "-foreground" "-no-remote" "-profile" "C:\\Users\\victo\\AppData\\Local\\Temp\\rust_mozprofileRh3Wf8"
Can't find symbol 'eglSwapBuffersWithDamageEXT'.
Can't find symbol 'eglSetDamageRegionKHR'.
console.warn: SearchSettings: "get: No settings file exists, new profile?" (new Error("", "(unknown module)"))
1622485973931	Marionette	INFO	Listening on port 61665
1622485974121	Marionette	WARN	TLS certificate errors will be ignored for this session
1622485978145	Marionette	WARN	Ignoring event 'DOMContentLoaded' because document has an invalid readyState of 'complete'.
JavaScript error: resource://gre/modules/XULStore.jsm, line 66: Error: Can't find profile directory.
JavaScript error: resource://gre/modules/XULStore.jsm, line 66: Error: Can't find profile directory.
JavaScript error: https://webvalidade.com/dashboard, line 1460: ReferenceError: exibirApp is not defined
JavaScript error: https://webvalidade.com/dashboard, line 1468: ReferenceError: exibirApp is not defined
JavaScript error: https://webvalidade.com/dashboard, line 1477: ReferenceError: exibirApp is not defined
JavaScript error: https://webvalidade.com/dashboard, line 1522: ReferenceError: exibirApp is not defined
JavaScript error: https://webvalidade.com/colorPicker/docs/docs.js, line 9: TypeError: $(...).toc is not a function
1622486004524	Marionette	WARN	Ignoring event 'DOMContentLoaded' because document has an invalid readyState of 'complete'.
console.error: services.settings: 
  security-state/onecrl Signature failed  TypeError: NetworkError when attempting to fetch resource.
console.error: services.settings: 
  Message: TypeError: NetworkError when attempting to fetch resource.
  Stack:
    _validateCollectionSignature@resource://services-settings/RemoteSettingsClient.jsm:830:36
_importChanges@resource://services-settings/RemoteSettingsClient.jsm:928:20

console.warn: services.settings: main/search-config sync interrupted by shutdown
console.warn: services.settings: main/whats-new-panel sync interrupted by shutdown
console.warn: services.settings: main/fxmonitor-breaches sync interrupted by shutdown
console.warn: services.settings: main/cfr-fxa sync interrupted by shutdown
console.warn: services.settings: main/search-telemetry sync interrupted by shutdown
console.warn: services.settings: main/pioneer-study-addons-v1 sync interrupted by shutdown
console.warn: services.settings: main/url-classifier-skip-urls sync interrupted by shutdown
console.warn: services.settings: blocklists/gfx sync interrupted by shutdown
console.warn: services.settings: main/hijack-blocklists sync interrupted by shutdown
console.warn: services.settings: blocklists/plugins sync interrupted by shutdown
console.warn: services.settings: main/password-recipes sync interrupted by shutdown
console.warn: services.settings: main/message-groups sync interrupted by shutdown
console.warn: services.settings: main/search-default-override-allowlist sync interrupted by shutdown
console.warn: services.settings: main/partitioning-exempt-urls sync interrup1622486367946	Marionette	INFO	Stopped listening on port 63208
uffix-list sync interrupted by shutdown
console.warn: services.settings: main/language-dictionaries sync interrupted by shutdown
console.warn: services.settings: main/anti-tracking-url-decoration sync interrupted by shutdown
console.warn: services.settings: main/sites-classification sync interrupted by shutdown
console.warn: services.settings: pinning/pins sync interrupted by shutdown

###!!! [Parent][MessageChannel] Error: (msgtype=0x1F0011,name=PBackgroundStorage::Msg_Observe) Channel error: cannot send/recv


###!!! [Parent][MessageChannel] Error: (msgtype=0x1F0011,name=PBackgroundStorage::Msg_Observe) Channel error: cannot send/recv

1622486368596	Marionette	INFO	Stopped listening on port 61665

###!!! [Child][RunMessage] Error: Channel closing: too late to send/recv, messages will be lost

1622494959974	geckodriver	INFO	Listening on 127.0.0.1:65327
1622494963113	mozrunner::runner	INFO	Running command: "C:\\Program Files\\Mozilla Firefox\\firefox.exe" "--marionette" "-foreground" "-no-remote" "-profile" "C:\\Users\\victo\\AppData\\Local\\Temp\\rust_mozprofilez369EC"
Can't find symbol 'eglSwapBuffersWithDamageEXT'.
Can't find symbol 'eglSetDamageRegionKHR'.
console.warn: SearchSettings: "get: No settings file exists, new profile?" (new Error("", "(unknown module)"))
1622494978560	Marionette	INFO	Listening on port 65335
1622494978919	Marionette	WARN	TLS certificate errors will be ignored for this session
1622494983900	Marionette	WARN	Ignoring event 'DOMContentLoaded' because document has an invalid readyState of 'complete'.
JavaScript error: resource://gre/modules/XULStore.jsm, line 66: Error: Can't find profile directory.
JavaScript error: resource://gre/modules/XULStore.jsm, line 66: Error: Can't find profile directory.
JavaScript error: https://webvalidade.com/dashboard, line 1460: ReferenceError: exibirApp is not defined
JavaScript error: https://webvalidade.com/dashboard, line 1468: ReferenceError: exibirApp is not defined
JavaScript error: https://webvalidade.com/dashboard, line 1477: ReferenceError: exibirApp is not defined
JavaScript error: https://webvalidade.com/dashboard, line 1522: ReferenceError: exibirApp is not defined
JavaScript error: https://webvalidade.com/colorPicker/docs/docs.js, line 9: TypeError: $(...).toc is not a function
1622495094718	Marionette	INFO	Stopped listening on port 65335

###!!! [Child][RunMessage] Error: Channel closing: too late to send/recv, messages will be lost

1622495125156	geckodriver	INFO	Listening on 127.0.0.1:62530
1622495128212	mozrunner::runner	INFO	Running command: "C:\\Program Files\\Mozilla Firefox\\firefox.exe" "--marionette" "-foreground" "-no-remote" "-profile" "C:\\Users\\victo\\AppData\\Local\\Temp\\rust_mozprofileW3tWnp"
Can't find symbol 'eglSwapBuffersWithDamageEXT'.
Can't find symbol 'eglSetDamageRegionKHR'.
console.warn: SearchSettings: "get: No settings file exists, new profile?" (new Error("", "(unknown module)"))
1622495135900	Marionette	INFO	Listening on port 62541
1622495136294	Marionette	WARN	TLS certificate errors will be ignored for this session
1622495139706	Marionette	WARN	Ignoring event 'DOMContentLoaded' because document has an invalid readyState of 'complete'.
JavaScript error: resource://gre/modules/XULStore.jsm, line 66: Error: Can't find profile directory.
JavaScript error: resource://gre/modules/XULStore.jsm, line 66: Error: Can't find profile directory.
JavaScript error: https://webvalidade.com/dashboard, line 1460: ReferenceError: exibirApp is not defined
JavaScript error: https://webvalidade.com/dashboard, line 1468: ReferenceError: exibirApp is not defined
JavaScript error: https://webvalidade.com/dashboard, line 1477: ReferenceError: exibirApp is not defined
JavaScript error: https://webvalidade.com/dashboard, line 1522: ReferenceError: exibirApp is not defined
JavaScript error: https://webvalidade.com/colorPicker/docs/docs.js, line 9: TypeError: $(...).toc is not a function
1622495166450	Marionette	WARN	Ignoring event 'DOMContentLoaded' because document has an invalid readyState of 'complete'.
JavaScript error: , line 0: NotFoundError: No such JSWindowActor 'MarionetteEvents'
1622495213317	Marionette	INFO	Stopped listening on port 62541

###!!! [Child][RunMessage] Error: Channel closing: too late to send/recv, messages will be lost

1622495277942	geckodriver	INFO	Listening on 127.0.0.1:50672
1622495281156	mozrunner::runner	INFO	Running command: "C:\\Program Files\\Mozilla Firefox\\firefox.exe" "--marionette" "-foreground" "-no-remote" "-profile" "C:\\Users\\victo\\AppData\\Local\\Temp\\rust_mozprofile0O2QDi"
Can't find symbol 'eglSwapBuffersWithDamageEXT'.
Can't find symbol 'eglSetDamageRegionKHR'.
console.warn: SearchSettings: "get: No settings file exists, new profile?" (new Error("", "(unknown module)"))
1622495288047	Marionette	INFO	Listening on port 50680
1622495288514	Marionette	WARN	TLS certificate errors will be ignored for this session
1622495292048	Marionette	WARN	Ignoring event 'DOMContentLoaded' because document has an invalid readyState of 'complete'.
JavaScript error: resource://gre/modules/XULStore.jsm, line 66: Error: Can't find profile directory.
JavaScript error: resource://gre/modules/XULStore.jsm, line 66: Error: Can't find profile directory.
JavaScript error: https://webvalidade.com/dashboard, line 1460: ReferenceError: exibirApp is not defined
JavaScript error: https://webvalidade.com/dashboard, line 1468: ReferenceError: exibirApp is not defined
JavaScript error: https://webvalidade.com/dashboard, line 1477: ReferenceError: exibirApp is not defined
JavaScript error: https://webvalidade.com/dashboard, line 1522: ReferenceError: exibirApp is not defined
JavaScript error: https://webvalidade.com/colorPicker/docs/docs.js, line 9: TypeError: $(...).toc is not a function
JavaScript error: , line 0: NotFoundError: No such JSWindowActor 'MarionetteEvents'
console.log: WebExtensions: reset-default-search: No addons in our list are installed.
1622495938444	Marionette	INFO	Stopped listening on port 50680

###!!! [Child][RunMessage] Error: Channel closing: too late to send/recv, messages will be lost

1622496810116	geckodriver	INFO	Listening on 127.0.0.1:52065
1622496813269	mozrunner::runner	INFO	Running command: "C:\\Program Files\\Mozilla Firefox\\firefox.exe" "--marionette" "-foreground" "-no-remote" "-profile" "C:\\Users\\victo\\AppData\\Local\\Temp\\rust_mozprofilejSzcjm"
Can't find symbol 'eglSwapBuffersWithDamageEXT'.
Can't find symbol 'eglSetDamageRegionKHR'.
1622496845392	geckodriver	INFO	Listening on 127.0.0.1:52085
1622496848407	mozrunner::runner	INFO	Running command: "C:\\Program Files\\Mozilla Firefox\\firefox.exe" "--marionette" "-foreground" "-no-remote" "-profile" "C:\\Users\\victo\\AppData\\Local\\Temp\\rust_mozprofileGHGUyE"
Can't find symbol 'eglSwapBuffersWithDamageEXT'.
Can't find symbol 'eglSetDamageRegionKHR'.
1622496866035	geckodriver	INFO	Listening on 127.0.0.1:59054
1622496869080	mozrunner::runner	INFO	Running command: "C:\\Program Files\\Mozilla Firefox\\firefox.exe" "--marionette" "-foreground" "-no-remote" "-profile" "C:\\Users\\victo\\AppData\\Local\\Temp\\rust_mozprofileM2XDHG"
Can't find symbol 'eglSwapBuffersWithDamageEXT'.
Can't find symbol 'eglSetDamageRegionKHR'.
console.warn: SearchSettings: "get: No settings file exists, new profile?" (new Error("", "(unknown module)"))
1622496879253	Marionette	INFO	Listening on port 59062
1622496879813	Marionette	WARN	TLS certificate errors will be ignored for this session
JavaScript error: , line 0: NotFoundError: No such JSWindowActor 'MarionetteEvents'
JavaScript error: resource://gre/modules/XULStore.jsm, line 66: Error: Can't find profile directory.
JavaScript error: resource://gre/modules/XULStore.jsm, line 66: Error: Can't find profile directory.
JavaScript error: https://webvalidade.com/dashboard, line 1460: ReferenceError: exibirApp is not defined
JavaScript error: https://webvalidade.com/dashboard, line 1468: ReferenceError: exibirApp is not defined
JavaScript error: https://webvalidade.com/dashboard, line 1477: ReferenceError: exibirApp is not defined
JavaScript error: https://webvalidade.com/dashboard, line 1522: ReferenceError: exibirApp is not defined
JavaScript error: https://webvalidade.com/colorPicker/docs/docs.js, line 9: TypeError: $(...).toc is not a function
1622496918722	Marionette	INFO	Stopped listening on port 59062

###!!! [Child][RunMessage] Error: Channel closing: too late to send/recv, messages will be lost

1622497018539	geckodriver	INFO	Listening on 127.0.0.1:62741
1622497021658	mozrunner::runner	INFO	Running command: "C:\\Program Files\\Mozilla Firefox\\firefox.exe" "--marionette" "-foreground" "-no-remote" "-profile" "C:\\Users\\victo\\AppData\\Local\\Temp\\rust_mozprofilePqKIoo"
Can't find symbol 'eglSwapBuffersWithDamageEXT'.
Can't find symbol 'eglSetDamageRegionKHR'.
console.warn: SearchSettings: "get: No settings file exists, new profile?" (new Error("", "(unknown module)"))
1622497029222	Marionette	INFO	Listening on port 62749
1622497029821	Marionette	WARN	TLS certificate errors will be ignored for this session
1622497033227	Marionette	WARN	Ignoring event 'DOMContentLoaded' because document has an invalid readyState of 'complete'.
JavaScript error: resource://gre/modules/XULStore.jsm, line 66: Error: Can't find profile directory.
JavaScript error: resource://gre/modules/XULStore.jsm, line 66: Error: Can't find profile directory.
JavaScript error: https://webvalidade.com/dashboard, line 1460: ReferenceError: exibirApp is not defined
JavaScript error: https://webvalidade.com/dashboard, line 1468: ReferenceError: exibirApp is not defined
JavaScript error: https://webvalidade.com/dashboard, line 1477: ReferenceError: exibirApp is not defined
JavaScript error: https://webvalidade.com/dashboard, line 1522: ReferenceError: exibirApp is not defined
JavaScript error: https://webvalidade.com/colorPicker/docs/docs.js, line 9: TypeError: $(...).toc is not a function
1622497061018	Marionette	WARN	Ignoring event 'DOMContentLoaded' because document has an invalid readyState of 'complete'.
1622497073160	Marionette	WARN	Ignoring event 'DOMContentLoaded' because document has an invalid readyState of 'complete'.
1622497078646	Marionette	INFO	Stopped listening on port 62749

###!!! [Child][RunMessage] Error: Channel closing: too late to send/recv, messages will be lost

1622497414436	geckodriver	INFO	Listening on 127.0.0.1:52944
1622497417497	mozrunner::runner	INFO	Running command: "C:\\Program Files\\Mozilla Firefox\\firefox.exe" "--marionette" "-foreground" "-no-remote" "-profile" "C:\\Users\\victo\\AppData\\Local\\Temp\\rust_mozprofilepl4jGs"
Can't find symbol 'eglSwapBuffersWithDamageEXT'.
Can't find symbol 'eglSetDamageRegionKHR'.
console.warn: SearchSettings: "get: No settings file exists, new profile?" (new Error("", "(unknown module)"))
1622497431767	Marionette	INFO	Listening on port 52952
1622497432224	Marionette	WARN	TLS certificate errors will be ignored for this session
JavaScript error: , line 0: NotFoundError: No such JSWindowActor 'MarionetteEvents'
JavaScript error: resource://gre/modules/XULStore.jsm, line 66: Error: Can't find profile directory.
JavaScript error: resource://gre/modules/XULStore.jsm, line 66: Error: Can't find profile directory.
JavaScript error: https://webvalidade.com/dashboard, line 1460: ReferenceError: exibirApp is not defined
JavaScript error: https://webvalidade.com/dashboard, line 1468: ReferenceError: exibirApp is not defined
JavaScript error: https://webvalidade.com/dashboard, line 1477: ReferenceError: exibirApp is not defined
JavaScript error: https://webvalidade.com/dashboard, line 1522: ReferenceError: exibirApp is not defined
JavaScript error: https://webvalidade.com/colorPicker/docs/docs.js, line 9: TypeError: $(...).toc is not a function
1622497476619	Marionette	INFO	Stopped listening on port 52952
1622497491069	geckodriver	INFO	Listening on 127.0.0.1:53190
1622497494155	mozrunner::runner	INFO	Running command: "C:\\Program Files\\Mozilla Firefox\\firefox.exe" "--marionette" "-foreground" "-no-remote" "-profile" "C:\\Users\\victo\\AppData\\Local\\Temp\\rust_mozprofileAZn7xI"
Can't find symbol 'eglSwapBuffersWithDamageEXT'.
Can't find symbol 'eglSetDamageRegionKHR'.
console.warn: SearchSettings: "get: No settings file exists, new profile?" (new Error("", "(unknown module)"))
1622497501489	Marionette	INFO	Listening on port 53198
1622497502036	Marionette	WARN	TLS certificate errors will be ignored for this session
1622497506029	Marionette	WARN	Ignoring event 'DOMContentLoaded' because document has an invalid readyState of 'complete'.
JavaScript error: resource://gre/modules/XULStore.jsm, line 66: Error: Can't find profile directory.
JavaScript error: resource://gre/modules/XULStore.jsm, line 66: Error: Can't find profile directory.
JavaScript error: https://webvalidade.com/dashboard, line 1460: ReferenceError: exibirApp is not defined
JavaScript error: https://webvalidade.com/dashboard, line 1468: ReferenceError: exibirApp is not defined
JavaScript error: https://webvalidade.com/dashboard, line 1477: ReferenceError: exibirApp is not defined
JavaScript error: https://webvalidade.com/dashboard, line 1522: ReferenceError: exibirApp is not defined
JavaScript error: https://webvalidade.com/colorPicker/docs/docs.js, line 9: TypeError: $(...).toc is not a function
1622497532750	Marionette	WARN	Ignoring event 'DOMContentLoaded' because document has an invalid readyState of 'complete'.
1622497550150	Marionette	INFO	Stopped listening on port 53198

###!!! [Child][RunMessage] Error: Channel closing: too late to send/recv, messages will be lost

1622497609505	geckodriver	INFO	Listening on 127.0.0.1:57994
1622497612565	mozrunner::runner	INFO	Running command: "C:\\Program Files\\Mozilla Firefox\\firefox.exe" "--marionette" "-foreground" "-no-remote" "-profile" "C:\\Users\\victo\\AppData\\Local\\Temp\\rust_mozprofileq1pw6x"
Can't find symbol 'eglSwapBuffersWithDamageEXT'.
Can't find symbol 'eglSetDamageRegionKHR'.
console.warn: SearchSettings: "get: No settings file exists, new profile?" (new Error("", "(unknown module)"))
1622497628671	Marionette	INFO	Listening on port 58002
1622497629033	Marionette	WARN	TLS certificate errors will be ignored for this session
1622497636355	Marionette	WARN	Ignoring event 'DOMContentLoaded' because document has an invalid readyState of 'complete'.
JavaScript error: resource://gre/modules/XULStore.jsm, line 66: Error: Can't find profile directory.
JavaScript error: resource://gre/modules/XULStore.jsm, line 66: Error: Can't find profile directory.
JavaScript error: https://webvalidade.com/dashboard, line 1460: ReferenceError: exibirApp is not defined
JavaScript error: https://webvalidade.com/dashboard, line 1468: ReferenceError: exibirApp is not defined
JavaScript error: https://webvalidade.com/dashboard, line 1477: ReferenceError: exibirApp is not defined
JavaScript error: https://webvalidade.com/dashboard, line 1522: ReferenceError: exibirApp is not defined
JavaScript error: https://webvalidade.com/colorPicker/docs/docs.js, line 9: TypeError: $(...).toc is not a function
1622497671273	Marionette	WARN	Ignoring event 'DOMContentLoaded' because document has an invalid readyState of 'complete'.
1622497684295	Marionette	WARN	Ignoring event 'DOMContentLoaded' because document has an invalid readyState of 'complete'.
1622497690182	Marionette	INFO	Stopped listening on port 58002
[Parent 1012, Gecko_IOThread] WARNING: file /builds/worker/checkouts/gecko/ipc/chromium/src/base/process_util_win.cc:166

###!!! [Child][RunMessage] Error: Channel closing: too late to send/recv, messages will be lost

1622578079669	geckodriver	INFO	Listening on 127.0.0.1:55105
1622578082723	mozrunner::runner	INFO	Running command: "C:\\Program Files\\Mozilla Firefox\\firefox.exe" "--marionette" "-foreground" "-no-remote" "-profile" "C:\\Users\\victo\\AppData\\Local\\Temp\\rust_mozprofilepVqMhb"
Can't find symbol 'eglSwapBuffersWithDamageEXT'.
Can't find symbol 'eglSetDamageRegionKHR'.
console.warn: SearchSettings: "get: No settings file exists, new profile?" (new Error("", "(unknown module)"))
1622578093348	Marionette	INFO	Listening on port 53004
1622578093838	Marionette	WARN	TLS certificate errors will be ignored for this session
1622578097194	Marionette	WARN	Ignoring event 'DOMContentLoaded' because document has an invalid readyState of 'complete'.
JavaScript error: resource://gre/modules/XULStore.jsm, line 66: Error: Can't find profile directory.
JavaScript error: resource://gre/modules/XULStore.jsm, line 66: Error: Can't find profile directory.
JavaScript error: https://webvalidade.com/dashboard, line 1460: ReferenceError: exibirApp is not defined
JavaScript error: https://webvalidade.com/dashboard, line 1468: ReferenceError: exibirApp is not defined
JavaScript error: https://webvalidade.com/dashboard, line 1477: ReferenceError: exibirApp is not defined
JavaScript error: https://webvalidade.com/dashboard, line 1522: ReferenceError: exibirApp is not defined
JavaScript error: https://webvalidade.com/colorPicker/docs/docs.js, line 9: TypeError: $(...).toc is not a function
1622578124145	Marionette	WARN	Ignoring event 'DOMContentLoaded' because document has an invalid readyState of 'complete'.
JavaScript error: , line 0: NotFoundError: No such JSWindowActor 'MarionetteEvents'
1622578141428	Marionette	INFO	Stopped listening on port 53004

###!!! [Child][RunMessage] Error: Channel closing: too late to send/recv, messages will be lost

1622578696803	geckodriver	INFO	Listening on 127.0.0.1:57961
1622578699833	mozrunner::runner	INFO	Running command: "C:\\Program Files\\Mozilla Firefox\\firefox.exe" "--marionette" "-foreground" "-no-remote" "-profile" "C:\\Users\\victo\\AppData\\Local\\Temp\\rust_mozprofileyfzzhH"
Can't find symbol 'eglSwapBuffersWithDamageEXT'.
Can't find symbol 'eglSetDamageRegionKHR'.
console.warn: SearchSettings: "get: No settings file exists, new profile?" (new Error("", "(unknown module)"))
1622578708211	Marionette	INFO	Listening on port 56650
1622578708499	Marionette	WARN	TLS certificate errors will be ignored for this session
JavaScript error: https://www.mercadolivre.com.br/, line 5: NS_ERROR_NOT_INITIALIZED: 
1622578715545	Marionette	INFO	Stopped listening on port 56650

###!!! [Child][RunMessage] Error: Channel closing: too late to send/recv, messages will be lost


###!!! [Child][RunMessage] Error: Channel closing: too late to send/recv, messages will be lost

1622578773037	geckodriver	INFO	Listening on 127.0.0.1:62608
1622578776073	mozrunner::runner	INFO	Running command: "C:\\Program Files\\Mozilla Firefox\\firefox.exe" "--marionette" "-foreground" "-no-remote" "-profile" "C:\\Users\\victo\\AppData\\Local\\Temp\\rust_mozprofilenVQMLY"
Can't find symbol 'eglSwapBuffersWithDamageEXT'.
Can't find symbol 'eglSetDamageRegionKHR'.
console.warn: SearchSettings: "get: No settings file exists, new profile?" (new Error("", "(unknown module)"))
1622578783021	Marionette	INFO	Listening on port 61345
1622578783530	Marionette	WARN	TLS certificate errors will be ignored for this session
Can't find symbol 'eglSwapBuffersWithDamageEXT'.
Can't find symbol 'eglSetDamageRegionKHR'.
1622578797109	Marionette	INFO	Stopped listening on port 61345

###!!! [Child][RunMessage] Error: Channel closing: too late to send/recv, messages will be lost

1622578841801	geckodriver	INFO	Listening on 127.0.0.1:50482
1622578844730	mozrunner::runner	INFO	Running command: "C:\\Program Files\\Mozilla Firefox\\firefox.exe" "--marionette" "-foreground" "-no-remote" "-profile" "C:\\Users\\victo\\AppData\\Local\\Temp\\rust_mozprofilej7RA9m"
Can't find symbol 'eglSwapBuffersWithDamageEXT'.
Can't find symbol 'eglSetDamageRegionKHR'.
console.warn: SearchSettings: "get: No settings file exists, new profile?" (new Error("", "(unknown module)"))
1622578851644	Marionette	INFO	Listening on port 59727
1622578852105	Marionette	WARN	TLS certificate errors will be ignored for this session

###!!! [Child][RunMessage] Error: Channel closing: too late to send/recv, messages will be lost

1622578866457	Marionette	INFO	Stopped listening on port 59727

###!!! [Child][RunMessage] Error: Channel closing: too late to send/recv, messages will be lost

1622578939928	geckodriver	INFO	Listening on 127.0.0.1:54352
1622578942982	mozrunner::runner	INFO	Running command: "C:\\Program Files\\Mozilla Firefox\\firefox.exe" "--marionette" "-foreground" "-no-remote" "-profile" "C:\\Users\\victo\\AppData\\Local\\Temp\\rust_mozprofilepcMpSa"
Can't find symbol 'eglSwapBuffersWithDamageEXT'.
Can't find symbol 'eglSetDamageRegionKHR'.
console.warn: SearchSettings: "get: No settings file exists, new profile?" (new Error("", "(unknown module)"))
1622578949729	Marionette	INFO	Listening on port 65356
1622578949818	Marionette	WARN	TLS certificate errors will be ignored for this session
1622578980335	Marionette	INFO	Stopped listening on port 65356

###!!! [Child][RunMessage] Error: Channel closing: too late to send/recv, messages will be lost

1622578981017	geckodriver	INFO	Listening on 127.0.0.1:52990
1622578984034	mozrunner::runner	INFO	Running command: "C:\\Program Files\\Mozilla Firefox\\firefox.exe" "--marionette" "-foreground" "-no-remote" "-profile" "C:\\Users\\victo\\AppData\\Local\\Temp\\rust_mozprofileQcOthK"
Can't find symbol 'eglSwapBuffersWithDamageEXT'.
Can't find symbol 'eglSetDamageRegionKHR'.
console.warn: SearchSettings: "get: No settings file exists, new profile?" (new Error("", "(unknown module)"))
1622578989924	Marionette	INFO	Listening on port 55137
1622578990116	Marionette	WARN	TLS certificate errors will be ignored for this session

###!!! [Child][MessageChannel] Error: (msgtype=0x6B0027,name=PNecko::Msg_RemoveRequestContext) Channel closing: too late to send/recv, messages will be lost


###!!! [Child][RunMessage] Error: Channel closing: too late to send/recv, messages will be lost

1622579014913	Marionette	INFO	Stopped listening on port 55137

###!!! [Child][RunMessage] Error: Channel closing: too late to send/recv, messages will be lost

1622579064747	geckodriver	INFO	Listening on 127.0.0.1:55198
1622579067750	mozrunner::runner	INFO	Running command: "C:\\Program Files\\Mozilla Firefox\\firefox.exe" "--marionette" "-foreground" "-no-remote" "-profile" "C:\\Users\\victo\\AppData\\Local\\Temp\\rust_mozprofile6ftEo0"
Can't find symbol 'eglSwapBuffersWithDamageEXT'.
Can't find symbol 'eglSetDamageRegionKHR'.
console.warn: SearchSettings: "get: No settings file exists, new profile?" (new Error("", "(unknown module)"))
1622579073744	Marionette	INFO	Listening on port 56110
1622579074357	Marionette	WARN	TLS certificate errors will be ignored for this session
Can't find symbol 'eglSwapBuffersWithDamageEXT'.
Can't find symbol 'eglSetDamageRegionKHR'.
1622579188402	Marionette	INFO	Stopped listening on port 56110

###!!! [Child][RunMessage] Error: Channel closing: too late to send/recv, messages will be lost

