1622655288523	geckodriver	INFO	Listening on 127.0.0.1:51281
1622655291540	mozrunner::runner	INFO	Running command: "C:\\Program Files\\Mozilla Firefox\\firefox.exe" "--marionette" "-foreground" "-no-remote" "-profile" "C:\\Users\\victo\\AppData\\Local\\Temp\\rust_mozprofile8NCqx2"
Can't find symbol 'eglSwapBuffersWithDamageEXT'.
Can't find symbol 'eglSetDamageRegionKHR'.
console.warn: SearchSettings: "get: No settings file exists, new profile?" (new Error("", "(unknown module)"))
1622655303962	Marionette	INFO	Listening on port 51289
1622655304504	Marionette	WARN	TLS certificate errors will be ignored for this session
1622655308967	Marionette	WARN	Ignoring event 'DOMContentLoaded' because document has an invalid readyState of 'complete'.
JavaScript error: resource://gre/modules/XULStore.jsm, line 66: Error: Can't find profile directory.
JavaScript error: resource://gre/modules/XULStore.jsm, line 66: Error: Can't find profile directory.
JavaScript error: https://webvalidade.com/dashboard, line 1460: ReferenceError: exibirApp is not defined
JavaScript error: https://webvalidade.com/dashboard, line 1468: ReferenceError: exibirApp is not defined
JavaScript error: https://webvalidade.com/dashboard, line 1477: ReferenceError: exibirApp is not defined
JavaScript error: https://webvalidade.com/dashboard, line 1522: ReferenceError: exibirApp is not defined
JavaScript error: https://webvalidade.com/colorPicker/docs/docs.js, line 9: TypeError: $(...).toc is not a function
1622655336131	Marionette	WARN	Ignoring event 'DOMContentLoaded' because document has an invalid readyState of 'complete'.
JavaScript error: , line 0: NotFoundError: No such JSWindowActor 'MarionetteEvents'
1622655353189	Marionette	INFO	Stopped listening on port 51289

###!!! [Child][RunMessage] Error: Channel closing: too late to send/recv, messages will be lost

1622656031221	geckodriver	INFO	Listening on 127.0.0.1:55365
1622656034180	mozrunner::runner	INFO	Running command: "C:\\Program Files\\Mozilla Firefox\\firefox.exe" "--marionette" "-foreground" "-no-remote" "-profile" "C:\\Users\\victo\\AppData\\Local\\Temp\\rust_mozprofileNBheV9"
Can't find symbol 'eglSwapBuffersWithDamageEXT'.
Can't find symbol 'eglSetDamageRegionKHR'.
console.warn: SearchSettings: "get: No settings file exists, new profile?" (new Error("", "(unknown module)"))
1622656045141	Marionette	INFO	Listening on port 55374
1622656045662	Marionette	WARN	TLS certificate errors will be ignored for this session
1622656052533	Marionette	INFO	Stopped listening on port 55374
1622656184289	geckodriver	INFO	Listening on 127.0.0.1:61040
1622656187285	mozrunner::runner	INFO	Running command: "C:\\Program Files\\Mozilla Firefox\\firefox.exe" "--marionette" "-foreground" "-no-remote" "-profile" "C:\\Users\\victo\\AppData\\Local\\Temp\\rust_mozprofileznC8TL"
Can't find symbol 'eglSwapBuffersWithDamageEXT'.
Can't find symbol 'eglSetDamageRegionKHR'.
console.warn: SearchSettings: "get: No settings file exists, new profile?" (new Error("", "(unknown module)"))
1622656194901	Marionette	INFO	Listening on port 61048
1622656195116	Marionette	WARN	TLS certificate errors will be ignored for this session
JavaScript error: , line 0: NotFoundError: No such JSWindowActor 'MarionetteEvents'
JavaScript error: resource://gre/modules/XULStore.jsm, line 66: Error: Can't find profile directory.
JavaScript error: resource://gre/modules/XULStore.jsm, line 66: Error: Can't find profile directory.
JavaScript error: https://webvalidade.com/dashboard, line 1460: ReferenceError: exibirApp is not defined
JavaScript error: https://webvalidade.com/dashboard, line 1468: ReferenceError: exibirApp is not defined
JavaScript error: https://webvalidade.com/dashboard, line 1477: ReferenceError: exibirApp is not defined
JavaScript error: https://webvalidade.com/dashboard, line 1522: ReferenceError: exibirApp is not defined
JavaScript error: https://webvalidade.com/colorPicker/docs/docs.js, line 9: TypeError: $(...).toc is not a function
1622656238961	Marionette	INFO	Stopped listening on port 61048
[Parent 10300, Gecko_IOThread] WARNING: file /builds/worker/checkouts/gecko/ipc/chromium/src/base/process_util_win.cc:166

###!!! [Child][RunMessage] Error: Channel closing: too late to send/recv, messages will be lost

